<?xml version="1.0" encoding="UTF-8"?>
<testng-results total="1" passed="1" failed="0" skipped="0">
  <reporter-output>
  </reporter-output>
  <suite started-at="2022-08-24T22:16:15Z" name="Default suite" finished-at="2022-08-24T22:16:54Z" duration-ms="38962">
    <groups>
    </groups>
    <test started-at="2022-08-24T22:16:15Z" name="Default test" finished-at="2022-08-24T22:16:54Z" duration-ms="38962">
      <class name="com.flipkart.qa.TestCases.HomePageTest">
        <test-method is-config="true" signature="setup()" started-at="2022-08-24T22:16:15Z" name="setup" finished-at="2022-08-24T22:16:52Z" duration-ms="36860" status="PASS">
        </test-method>
        <test-method signature="FlipkartHomepageTest()" started-at="2022-08-24T22:16:52Z" name="FlipkartHomepageTest" finished-at="2022-08-24T22:16:54Z" duration-ms="2078" status="PASS">
        </test-method>
      </class>
    </test>
  </suite>
</testng-results>
